This is pdfeTeX, Version 3.141592-1.20a-2.2 (MiKTeX 2.4) (preloaded format=latex 2005.1.11)  30 OCT 2005 20:46
entering extended mode
**C:/Dev/Captor/dev/textdoc/Exercise/Exercise.tex
(C:/Dev/Captor/dev/textdoc/Exercise/Exercise.tex
LaTeX2e <2003/12/01>
Babel <v3.8a> and hyphenation patterns for portuguese, english, dumylang, nohyp
henation, loaded.
(C:\ArqPrg\texmf\tex\latex\base\article.cls
Document Class: article 2004/02/16 v1.4f Standard LaTeX document class
(C:\ArqPrg\texmf\tex\latex\base\size12.clo
File: size12.clo 2004/02/16 v1.4f Standard LaTeX file (size option)
)
\c@part=\count79
\c@section=\count80
\c@subsection=\count81
\c@subsubsection=\count82
\c@paragraph=\count83
\c@subparagraph=\count84
\c@figure=\count85
\c@table=\count86
\abovecaptionskip=\skip41
\belowcaptionskip=\skip42
\bibindent=\dimen102
)
(C:\ArqPrg\texmf\tex\generic\babel\babel.sty
Package: babel 2004/02/19 v3.8a The Babel package

(C:\ArqPrg\texmf\tex\generic\babel\portuges.ldf
Language: portuges 2004/02/19 v1.2p Portuguese support from the babel system

(C:\ArqPrg\texmf\tex\generic\babel\babel.def
File: babel.def 2004/02/19 v3.8a Babel common definitions
\babel@savecnt=\count87
\U@D=\dimen103
)
\l@brazil = a dialect from \language\l@portuges 
Package babel Info: Making " an active character on input line 145.
))
(C:\ArqPrg\texmf\tex\latex\graphics\graphicx.sty
Package: graphicx 1999/02/16 v1.0f Enhanced LaTeX Graphics (DPC,SPQR)

(C:\ArqPrg\texmf\tex\latex\graphics\keyval.sty
Package: keyval 1999/03/16 v1.13 key=value parser (DPC)
\KV@toks@=\toks14
)
(C:\ArqPrg\texmf\tex\latex\graphics\graphics.sty
Package: graphics 2001/07/07 v1.0n Standard LaTeX Graphics (DPC,SPQR)

(C:\ArqPrg\texmf\tex\latex\graphics\trig.sty
Package: trig 1999/03/16 v1.09 sin cos tan (DPC)
)
(C:\ArqPrg\texmf\tex\latex\00miktex\graphics.cfg
File: graphics.cfg 2003/03/12 v1.1 MiKTeX 'graphics' configuration
)
Package graphics Info: Driver file: pdftex.def on input line 80.

(C:\ArqPrg\texmf\tex\latex\graphics\pdftex.def
File: pdftex.def 2002/06/19 v0.03k graphics/color for pdftex
\Gread@gobject=\count88
))
\Gin@req@height=\dimen104
\Gin@req@width=\dimen105
)
(C:\ArqPrg\texmf\tex\latex\base\inputenc.sty
Package: inputenc 2004/02/05 v1.0d Input encoding file

(C:\ArqPrg\texmf\tex\latex\base\ansinew.def
File: ansinew.def 2004/02/05 v1.0d Input encoding file
))
(C:\ArqPrg\texmf\tex\latex\psnfss\times.sty
Package: times 2004/01/26 PSNFSS-v9.1b (SPQR) 
)
(C:\ArqPrg\texmf\tex\latex\setspace\setspace.sty
Package: setspace 2000/12/01 6.7 Contributed and Supported LaTeX2e package

Package: `setspace' 6.7 <2000/12/01>
) (C:\ArqPrg\texmf\tex\latex\tools\xspace.sty
Package: xspace 1997/10/13 v1.06 Space after command names (DPC)
)
(C:\ArqPrg\texmf\tex\latex\float\float.sty
Package: float 2001/11/08 v1.3d Float enhancements (AL)
\c@float@type=\count89
\float@exts=\toks15
\float@box=\box26
\@float@everytoks=\toks16
\@floatcapt=\box27
)
(C:\ArqPrg\texmf\tex\latex\graphics\color.sty
Package: color 1999/02/16 v1.0i Standard LaTeX Color (DPC)

(C:\ArqPrg\texmf\tex\latex\00miktex\color.cfg
File: color.cfg 2003/03/08 v1.0 MiKTeX 'color' configuration
)
Package color Info: Driver file: pdftex.def on input line 125.
)
(C:\ArqPrg\texmf\tex\latex\carlisle\colortbl.sty
Package: colortbl 2001/02/13 v0.1j Color table columns (DPC)

(C:\ArqPrg\texmf\tex\latex\tools\array.sty
Package: array 2003/12/17 v2.4a Tabular extension package (FMi)
\col@sep=\dimen106
\extrarowheight=\dimen107
\NC@list=\toks17
\extratabsurround=\skip43
\backup@length=\skip44
)
\everycr=\toks18
\minrowclearance=\skip45
)
(C:\ArqPrg\texmf\tex\latex\tools\verbatim.sty
Package: verbatim 2003/08/22 v1.5q LaTeX2e package for verbatim enhancements
\every@verbatim=\toks19
\verbatim@line=\toks20
\verbatim@in@stream=\read1
)
(C:\ArqPrg\texmf\tex\latex\textfit\textfit.sty
Package: textfit 1994/04/15
\mags@f@r=\count90
\desired@size=\dimen108
\r@mainder=\count91
\m@gstepcount=\count92
\m@gsteplimit=\count93
\m@gstepvalue=\count94
\m@gstepdimen=\dimen109
)
(C:\ArqPrg\texmf\tex\latex\multirow\multirow.sty
\bigstrutjot=\dimen110
)
(C:\ArqPrg\texmf\tex\latex\base\alltt.sty
Package: alltt 1997/06/16 v2.0g defines alltt environment
)
(C:\ArqPrg\texmf\tex\latex\base\fontenc.sty
Package: fontenc 2004/02/22 v1.99f Standard LaTeX package

(C:\ArqPrg\texmf\tex\latex\base\t1enc.def
File: t1enc.def 2004/02/22 v1.99f Standard LaTeX file
LaTeX Font Info:    Redeclaring font encoding T1 on input line 43.
))
(C:\ArqPrg\texmf\tex\latex\geometry\geometry.sty
Package: geometry 2002/07/08 v3.2 Page Geometry
\Gm@cnth=\count95
\Gm@cntv=\count96
\c@Gm@tempcnt=\count97
\Gm@bindingoffset=\dimen111
\Gm@wd@mp=\dimen112
\Gm@odd@mp=\dimen113
\Gm@even@mp=\dimen114
\Gm@dimlist=\toks21

(C:\ArqPrg\texmf\tex\latex\geometry\geometry.cfg))
(C:\ArqPrg\texmf\tex\latex\ae\ae.sty
Package: ae 2001/02/12 1.3 Almost European Computer Modern

(C:\ArqPrg\texmf\tex\latex\base\fontenc.sty
Package: fontenc 2004/02/22 v1.99f Standard LaTeX package

(C:\ArqPrg\texmf\tex\latex\base\t1enc.def
File: t1enc.def 2004/02/22 v1.99f Standard LaTeX file
LaTeX Font Info:    Redeclaring font encoding T1 on input line 43.
)
LaTeX Font Info:    Try loading font information for T1+aer on input line 100.

(C:\ArqPrg\texmf\tex\latex\ae\t1aer.fd
File: t1aer.fd 1997/11/16 Font definitions for T1/aer.
)))
(C:\ArqPrg\texmf\tex\latex\fancyhdr\fancyhdr.sty
\fancy@headwidth=\skip46
\f@ncyO@elh=\skip47
\f@ncyO@erh=\skip48
\f@ncyO@olh=\skip49
\f@ncyO@orh=\skip50
\f@ncyO@elf=\skip51
\f@ncyO@erf=\skip52
\f@ncyO@olf=\skip53
\f@ncyO@orf=\skip54
)
(C:\ArqPrg\texmf\tex\latex\fancybox\fancybox.sty
Package: fancybox 2000/09/19 1.3

Style option: `fancybox' v1.3 <2000/09/19> (tvz)
\@fancybox=\box28
\shadowsize=\dimen115
\@Sbox=\box29
\do@VerbBox=\toks22
\the@fancyput=\toks23
\this@fancyput=\toks24
\EndVerbatimTokens=\toks25
\Verbatim@Outfile=\write3
\Verbatim@Infile=\read2
) (C:\ArqPrg\texmf\tex\latex\tools\multicol.sty
Package: multicol 2004/02/14 v1.6e multicolumn formatting (FMi)
\c@tracingmulticols=\count98
\mult@box=\box30
\multicol@leftmargin=\dimen116
\c@unbalance=\count99
\c@collectmore=\count100
\doublecol@number=\count101
\multicoltolerance=\count102
\multicolpretolerance=\count103
\full@width=\dimen117
\page@free=\dimen118
\premulticols=\dimen119
\postmulticols=\dimen120
\multicolsep=\skip55
\multicolbaselineskip=\skip56
\partial@page=\box31
\last@line=\box32
\mult@rightbox=\box33
\mult@grightbox=\box34
\mult@gfirstbox=\box35
\mult@firstbox=\box36
\@tempa=\box37
\@tempa=\box38
\@tempa=\box39
\@tempa=\box40
\@tempa=\box41
\@tempa=\box42
\@tempa=\box43
\@tempa=\box44
\@tempa=\box45
\@tempa=\box46
\@tempa=\box47
\@tempa=\box48
\@tempa=\box49
\@tempa=\box50
\@tempa=\box51
\@tempa=\box52
\@tempa=\box53
\c@columnbadness=\count104
\c@finalcolumnbadness=\count105
\last@try=\dimen121
\multicolovershoot=\dimen122
\multicolundershoot=\dimen123
\mult@nat@firstbox=\box54
\colbreak@box=\box55
)
(C:\ArqPrg\texmf\tex\latex\listings\listings.sty
\lst@mode=\count106
\lst@gtempboxa=\box56
\lst@token=\toks26
\lst@length=\count107
\lst@currlwidth=\dimen124
\lst@column=\count108
\lst@pos=\count109
\lst@lostspace=\dimen125
\lst@width=\dimen126
\lst@newlines=\count110
\lst@lineno=\count111
\c@lstlisting=\count112
\lst@maxwidth=\dimen127

(C:\ArqPrg\texmf\tex\latex\listings\lstpatch.sty
File: lstpatch.sty 2004/09/07 1.3a (Carsten Heinz)
)
(C:\ArqPrg\texmf\tex\latex\listings\lstmisc.sty
File: lstmisc.sty 2004/09/07 1.3 (Carsten Heinz)
\c@lstnumber=\count113
\lst@skipnumbers=\count114
\lst@framebox=\box57
)
(C:\ArqPrg\texmf\tex\latex\listings\listings.cfg
File: listings.cfg 2004/09/05 1.3 listings configuration
))
Package: listings 2004/09/07 1.3a (Carsten Heinz)

(C:\ArqPrg\texmf\tex\latex\ltxmisc\placeins.sty
Package: placeins 2002/06/27  v 2.0
)
(C:\ArqPrg\texmf\tex\latex\ltxmisc\url.sty
\Urlmuskip=\muskip10
Package: url 2004/03/15  ver 3.1  Verb mode for urls, etc.
)
(C:\ArqPrg\texmf\tex\latex\natbib\natbib.sty
Package: natbib 2003/06/06 7.1 (PWD)
\bibhang=\skip57
\bibsep=\skip58
LaTeX Info: Redefining \cite on input line 518.
\c@NAT@ctr=\count115
)
(C:\ArqPrg\texmf\tex\latex\titlesec\titlesec.sty
Package: titlesec 2005/01/22 v2.6 Sectioning titles
\ttl@box=\box58
\beforetitleunit=\skip59
\aftertitleunit=\skip60
\ttl@plus=\dimen128
\ttl@minus=\dimen129
\titlewidth=\dimen130
\titlewidthlast=\dimen131
\titlewidthfirst=\dimen132

(C:\ArqPrg\texmf\tex\latex\titlesec\titlesec.new))
(C:\ArqPrg\texmf\tex\latex\hyperref\hyperref.sty
Package: hyperref 2003/11/30 v6.74m Hypertext links for LaTeX
\@linkdim=\dimen133
\Hy@linkcounter=\count116
\Hy@pagecounter=\count117

(C:\ArqPrg\texmf\tex\latex\hyperref\pd1enc.def
File: pd1enc.def 2003/11/30 v6.74m Hyperref: PDFDocEncoding definition (HO)
)
(C:\ArqPrg\texmf\tex\latex\00miktex\hyperref.cfg
File: hyperref.cfg 2003/03/08 v1.0 MiKTeX 'hyperref' configuration
)
Package hyperref Info: Option `plainpages' set `false' on input line 1830.
Package hyperref Info: Hyper figures OFF on input line 1880.
Package hyperref Info: Link nesting OFF on input line 1885.
Package hyperref Info: Hyper index ON on input line 1888.
Package hyperref Info: Plain pages OFF on input line 1895.
Package hyperref Info: Backreferencing OFF on input line 1900.

Implicit mode ON; LaTeX internals redefined
Package hyperref Info: Bookmarks ON on input line 2004.
LaTeX Info: Redefining \url on input line 2143.
\Fld@menulength=\count118
\Field@Width=\dimen134
\Fld@charsize=\dimen135
\Choice@toks=\toks27
\Field@toks=\toks28
Package hyperref Info: Hyper figures OFF on input line 2618.
Package hyperref Info: Link nesting OFF on input line 2623.
Package hyperref Info: Hyper index ON on input line 2626.
Package hyperref Info: backreferencing OFF on input line 2633.
Package hyperref Info: Link coloring OFF on input line 2638.
\c@Item=\count119
\c@Hfootnote=\count120
)
*hyperref using driver hpdftex*
(C:\ArqPrg\texmf\tex\latex\hyperref\hpdftex.def
File: hpdftex.def 2003/11/30 v6.74m Hyperref driver for pdfTeX

(C:\ArqPrg\texmf\tex\latex\psnfss\pifont.sty
Package: pifont 2004/01/26 PSNFSS-v9.1b Pi font support (SPQR) 
LaTeX Font Info:    Try loading font information for U+pzd on input line 63.

(C:\ArqPrg\texmf\tex\latex\psnfss\upzd.fd
File: upzd.fd 2001/06/04 font definitions for U/pzd.
)
LaTeX Font Info:    Try loading font information for U+psy on input line 64.

(C:\ArqPrg\texmf\tex\latex\psnfss\upsy.fd
File: upsy.fd 2001/06/04 font definitions for U/psy.
))
\Fld@listcount=\count121
\@outlinefile=\write4
)
Package hyperref Info: Option `colorlinks' set `true' on input line 42.
Package hyperref Info: Option `debug' set `false' on input line 42.
 (Exercise.aux)
LaTeX Font Info:    Checking defaults for OML/cmm/m/it on input line 67.
LaTeX Font Info:    ... okay on input line 67.
LaTeX Font Info:    Checking defaults for T1/cmr/m/n on input line 67.
LaTeX Font Info:    ... okay on input line 67.
LaTeX Font Info:    Checking defaults for OT1/cmr/m/n on input line 67.
LaTeX Font Info:    ... okay on input line 67.
LaTeX Font Info:    Checking defaults for OMS/cmsy/m/n on input line 67.
LaTeX Font Info:    ... okay on input line 67.
LaTeX Font Info:    Checking defaults for OMX/cmex/m/n on input line 67.
LaTeX Font Info:    ... okay on input line 67.
LaTeX Font Info:    Checking defaults for U/cmr/m/n on input line 67.
LaTeX Font Info:    ... okay on input line 67.
LaTeX Font Info:    Checking defaults for PD1/pdf/m/n on input line 67.
LaTeX Font Info:    ... okay on input line 67.

(C:\ArqPrg\texmf\tex\context\base\supp-pdf.tex
(C:\ArqPrg\texmf\tex\context\base\supp-mis.tex
loading : Context Support Macros / Miscellaneous 
\protectiondepth=\count122
\scratchcounter=\count123
\scratchtoks=\toks29
\scratchdimen=\dimen136
\scratchskip=\skip61
\scratchmuskip=\muskip11
\scratchbox=\box59
\scratchread=\read3
\scratchwrite=\write5
\zeropoint=\dimen137
\onepoint=\dimen138
\onebasepoint=\dimen139
\minusone=\count124
\thousandpoint=\dimen140
\onerealpoint=\dimen141
\emptytoks=\toks30
\nextbox=\box60
\nextdepth=\dimen142
\everyline=\toks31
\!!counta=\count125
\!!countb=\count126
\recursecounter=\count127
)
loading : Context Support Macros / PDF (2004.03.26)
\nofMPsegments=\count128
\nofMParguments=\count129
\everyMPtoPDFconversion=\toks32
)
-------------------- Geometry parameters
paper: a4paper
landscape: --
twocolumn: --
twoside: --
asymmetric: --
h-parts: 71.13188pt, 455.24411pt, 71.13188pt
v-parts: 85.35826pt, 674.33032pt, 85.35826pt
hmarginratio: --
vmarginratio: --
lines: --
heightrounded: --
bindingoffset: 0.0pt
truedimen: --
includehead: --
includefoot: --
includemp: --
driver: pdftex
-------------------- Page layout dimensions and switches
\paperwidth  597.50787pt
\paperheight 845.04684pt
\textwidth  455.24411pt
\textheight 674.33032pt
\oddsidemargin  -1.1381pt
\evensidemargin -1.1381pt
\topmargin  -23.91173pt
\headheight 12.0pt
\headsep    25.0pt
\footskip   30.0pt
\marginparwidth 35.0pt
\marginparsep   10.0pt
\columnsep  10.0pt
\skip\footins  10.8pt plus 4.0pt minus 2.0pt
\hoffset 0.0pt
\voffset 0.0pt
\mag 1000

(1in=72.27pt, 1cm=28.45pt)
-----------------------
Package hyperref Info: Link coloring ON on input line 67.
(C:\ArqPrg\texmf\tex\latex\hyperref\nameref.sty
Package: nameref 2003/12/03 v2.21 Cross-referencing by name of section
\c@section@level=\count130
)
LaTeX Info: Redefining \ref on input line 67.
LaTeX Info: Redefining \pageref on input line 67.
 (Exercise.out) (Exercise.out)
(res/capa.tex
LaTeX Font Info:    Try loading font information for T1+aess on input line 7.
 (C:\ArqPrg\texmf\tex\latex\ae\t1aess.fd
File: t1aess.fd 1997/11/16 Font definitions for T1/aess.
)
LaTeX Font Info:    External font `cmex10' loaded for size
(Font)              <12> on input line 13.
LaTeX Font Info:    External font `cmex10' loaded for size
(Font)              <8> on input line 13.
LaTeX Font Info:    External font `cmex10' loaded for size
(Font)              <6> on input line 13.
 [1

{psfonts.map}])
(Exercise.toc)
\tf@toc=\write6
 [1

] (introducao.tex
LaTeX Font Info:    Try loading font information for OMS+aer on input line 7.
 (C:\ArqPrg\texmf\tex\latex\ae\omsaer.fd
File: omsaer.fd 1999/12/27
)
LaTeX Font Info:    Font shape `OMS/aer/m/n' in size <12> not available
(Font)              Font shape `OMS/cmsy/m/n' tried instead on input line 7.
)
(persistencia.tex
! pdfTeX warning (ext4): destination with the same identifier (name{page.1}) ha
s been already used, duplicate ignored
<to be read again> 
                   \penalty 
l.12 	\item E
             nviar comandos SQL para o banco de dados.

Package Fancyhdr Warning: \headheight is too small (12.0pt): 
 Make it at least 15.71393pt.
 We now make it that large for the rest of the document.
 This may cause the page layout to be inconsistent, however.

[1]
LaTeX Font Info:    Try loading font information for T1+aett on input line 17.
 (C:\ArqPrg\texmf\tex\latex\ae\t1aett.fd
File: t1aett.fd 1997/11/16 Font definitions for T1/aett.
)) (exercicio1.tex
<res/processo.png, id=124, 295.1025pt x 310.15875pt>
File: res/processo.png Graphic file (type png)
 <use res/processo.png>
LaTeX Font Info:    External font `cmex10' loaded for size
(Font)              <7> on input line 18.
LaTeX Font Info:    External font `cmex10' loaded for size
(Font)              <5> on input line 18.

[2 <res/processo.png>] [3]
<res/processoConfig.png, id=156, 183.68625pt x 289.08pt>
File: res/processoConfig.png Graphic file (type png)

<use res/processoConfig.png>
Underfull \hbox (badness 10000) in paragraph at lines 83--84

 []

[4 <res/processoConfig.png>]
<res/formstructure.png, id=164, 160.6pt x 197.73875pt>
File: res/formstructure.png Graphic file (type png)

<use res/formstructure.png>
<res/projectform.png, id=165, 283.0575pt x 174.6525pt>
File: res/projectform.png Graphic file (type png)

<use res/projectform.png>
<res/packageform.png, id=166, 283.81032pt x 176.15813pt>
File: res/packageform.png Graphic file (type png)

<use res/packageform.png>
<res/classform.png, id=167, 283.81032pt x 175.40532pt>
File: res/classform.png Graphic file (type png)
 <use res/classform.png>
Underfull \hbox (badness 10000) in paragraph at lines 127--128

 []

[5 <res/formstructure.png> <res/projectform.png>] [6 <res/packageform.png> <res
/classform.png>]
Underfull \hbox (badness 10000) in paragraph at lines 182--182
[]|\T1/aer/m/n/12 Atributos da
 []


Overfull \hbox (4.95587pt too wide) in paragraph at lines 164--192
 [][] 
 []

(C:\ArqPrg\texmf\tex\latex\listings\lstlang1.sty
File: lstlang1.sty 2004/09/05 1.3 listings language file
)
(C:\ArqPrg\texmf\tex\latex\listings\lstlang1.sty
File: lstlang1.sty 2004/09/05 1.3 listings language file
) [7] [8]
Overfull \hbox (2.92873pt too wide) in paragraph at lines 277--278
[][][][][][][][][][][][][][][][][][][][][][][][][][][][][][][][] 
 []

[9] [10] [11] [12]) (exercicio2.tex
<res/tabelasrelacionais.png, id=388, 178.41656pt x 99.37125pt>
File: res/tabelasrelacionais.png Graphic file (type png)

<use res/tabelasrelacionais.png>
<res/uml.png, id=389, 271.0125pt x 81.30376pt>
File: res/uml.png Graphic file (type png)
 <use res/uml.png> [13 <res/tabelasrelacionais.png> <res/uml.png>]) [14] (Exerc
ise.bbl (babelbst.tex)) [15]
(Exercise.aux) )
(\end occurred inside a group at level 1)

### semi simple group (level 1) entered at line 84 (\begingroup)
### bottom level 
Here is how much of TeX's memory you used:
 7312 strings out of 95533
 90543 string characters out of 1189601
 163781 words of memory out of 1150173
 9775 multiletter control sequences out of 35000
 39456 words of font info for 75 fonts, out of 500000 for 1000
 16 hyphenation exceptions out of 607
 34i,12n,45p,830b,2021s stack positions out of 1500i,500n,5000p,200000b,32768s
 412 PDF objects out of 300000
 209 named destinations out of 300000
 177 words of extra memory for PDF output out of 65536
<C:\ArqPrg\texmf\fonts\type1\bluesky\cm\cmr6.pfb><C:\ArqPrg\tex
mf\fonts\type1\bluesky\cm\cmr10.pfb><C:\ArqPrg\texmf\fonts\type1\bluesky\cm\cmr
7.pfb><C:\ArqPrg\texmf\fonts\type1\bluesky\cm\cmr8.pfb><C:\ArqPrg\texmf\fonts\t
ype1\bluesky\cm\cmtt12.pfb><C:\ArqPrg\texmf\fonts\type1\bluesky\cm\cmti12.pfb><
C:\ArqPrg\texmf\fonts\type1\bluesky\cm\cmsy10.pfb><C:\ArqPrg\texmf\fonts\type1\
bluesky\cm\cmbx12.pfb><C:\ArqPrg\texmf\fonts\type1\bluesky\cm\cmr12.pfb><C:\Arq
Prg\texmf\fonts\type1\bluesky\cm\cmbxti10.pfb><C:\ArqPrg\texmf\fonts\type1\blue
sky\cm\cmss17.pfb>
Output written on Exercise.pdf (17 pages, 171257 bytes).
