\BOOKMARK [1][-]{section.1}{Introdu\347\343o}{}
\BOOKMARK [2][-]{subsection.1.1}{A ferramenta Captor}{section.1}
\BOOKMARK [2][-]{subsection.1.2}{Terminologia utilizada}{section.1}
\BOOKMARK [1][-]{section.2}{Configura\347\343o da ferramenta}{}
\BOOKMARK [2][-]{subsection.2.1}{Arquivo de configura\347\343o principal}{section.2}
\BOOKMARK [3][-]{subsubsection.2.1.1}{Variantes}{subsection.2.1}
\BOOKMARK [3][-]{subsubsection.2.1.2}{Valida\347\343o sint\341tica}{subsection.2.1}
\BOOKMARK [3][-]{subsubsection.2.1.3}{Valida\347\343o estrutural dos formul\341rios}{subsection.2.1}
\BOOKMARK [3][-]{subsubsection.2.1.4}{Valida\347\343o do arquivo de configura\347\343o principal}{subsection.2.1}
\BOOKMARK [3][-]{subsubsection.2.1.5}{Gera\347\343o autom\341tica do arquivo de configura\347\343o principal}{subsection.2.1}
\BOOKMARK [2][-]{subsection.2.2}{Arquivos de templates XSL}{section.2}
\BOOKMARK [3][-]{subsubsection.2.2.1}{Desenvolvimento de templates com Zonas de Seguran\347a}{subsection.2.2}
\BOOKMARK [2][-]{subsection.2.3}{Arquivo de mapeamento da transforma\347\343o dos templates}{section.2}
\BOOKMARK [2][-]{subsection.2.4}{In\355cio r\341pido}{section.2}
\BOOKMARK [1][-]{section.3}{Utiliza\347\343o da ferramenta}{}
\BOOKMARK [2][-]{subsection.3.1}{Pre e Pos transforma\347\343o de artefatos}{section.3}
\BOOKMARK [2][-]{subsection.3.2}{Mensagens de erro durante a valida\347\343o da especifica\347\343o e os seus significados}{section.3}
\BOOKMARK [3][-]{subsubsection.3.2.1}{Erros de valida\347\343o de formul\341rios}{subsection.3.2}
\BOOKMARK [3][-]{subsubsection.3.2.2}{Erros de checagem estrutural}{subsection.3.2}
\BOOKMARK [1][-]{subsubsection.3.2.2}{Refer\352ncias}{}
